<?xml version="1.0" encoding="UTF-8"?>
<!-- Generated by org.testng.reporters.JUnitReportReporter -->
<testsuite skipped="0" hostname="TRVRAMASW2W10LT" name="b2bSite.tests.ShirtmaxTests" tests="1" failures="0" timestamp="21 Jul 2021 18:42:00 GMT" time="3.697" errors="0">
  <testcase name="SingleOrderTest" time="3.697" classname="b2bSite.tests.ShirtmaxTests"/>
</testsuite> <!-- b2bSite.tests.ShirtmaxTests -->
